<?xml version="1.0" encoding="UTF-8"?>
<!-- Generated by org.testng.reporters.JUnitReportReporter -->
<testsuite hostname="LAPTOP-3RVCOTIC" failures="0" tests="2" name="SeleniumPractice.TestNG" time="0.012" errors="0" timestamp="2023-04-10T15:21:10 IST" skipped="0">
  <testcase classname="SeleniumPractice.TestNG" name="runRes" time="0.011"/>
  <system-out/>
  <testcase classname="SeleniumPractice.TestNG" name="runRes1" time="0.001"/>
  <system-out/>
</testsuite> <!-- SeleniumPractice.TestNG -->
